<?xml version="1.0" encoding="UTF-8"?>
<robot generator="Robot 6.0.2 (Python 3.11.3 on win32)" generated="20230715 15:02:09.631" rpa="false" schemaversion="3">
<suite id="s1" name="Test Codenboxautomationlab" source="C:\Automate\test_codenboxautomationlab\test_codenboxautomationlab.robot">
<kw name="Set Selenium Speed" library="SeleniumLibrary" type="SETUP">
<arg>0.5s</arg>
<doc>Sets the delay that is waited after each Selenium command.</doc>
<status status="PASS" starttime="20230715 15:02:10.377" endtime="20230715 15:02:10.377"/>
</kw>
<test id="s1-t1" name="TC-001" line="57">
<kw name="Open Website">
<kw name="Set Selenium Speed" library="SeleniumLibrary">
<arg>0.5s</arg>
<doc>Sets the delay that is waited after each Selenium command.</doc>
<status status="PASS" starttime="20230715 15:02:10.379" endtime="20230715 15:02:10.379"/>
</kw>
<kw name="Open Browser" library="SeleniumLibrary">
<arg>${url}</arg>
<arg>${browser}</arg>
<doc>Opens a new browser instance to the optional ``url``.</doc>
<msg timestamp="20230715 15:02:10.381" level="INFO">Opening browser 'chrome' to base url 'https://codenboxautomationlab.com/practice/'.</msg>
<status status="PASS" starttime="20230715 15:02:10.380" endtime="20230715 15:02:20.837"/>
</kw>
<kw name="Wait Until Page Contains" library="SeleniumLibrary">
<arg>Automation Practice</arg>
<arg>5s</arg>
<doc>Waits until ``text`` appears on the current page.</doc>
<status status="PASS" starttime="20230715 15:02:20.837" endtime="20230715 15:02:21.360"/>
</kw>
<kw name="Maximize Browser Window" library="SeleniumLibrary">
<doc>Maximizes current browser window.</doc>
<status status="PASS" starttime="20230715 15:02:21.360" endtime="20230715 15:02:22.003"/>
</kw>
<status status="PASS" starttime="20230715 15:02:10.378" endtime="20230715 15:02:22.005"/>
</kw>
<kw name="Select Radio Button">
<kw name="Wait Until Page Contains" library="SeleniumLibrary">
<arg>Radio Button Example</arg>
<arg>5s</arg>
<doc>Waits until ``text`` appears on the current page.</doc>
<status status="PASS" starttime="20230715 15:02:22.008" endtime="20230715 15:02:22.578"/>
</kw>
<kw name="Click Element" library="SeleniumLibrary">
<arg>${locator_radiobutton2}</arg>
<doc>Click the element identified by ``locator``.</doc>
<msg timestamp="20230715 15:02:22.583" level="INFO">Clicking element 'xpath=//*[@id="radio-btn-example"]/fieldset/label[2]/input'.</msg>
<status status="PASS" starttime="20230715 15:02:22.579" endtime="20230715 15:02:23.935"/>
</kw>
<status status="PASS" starttime="20230715 15:02:22.005" endtime="20230715 15:02:23.936"/>
</kw>
<kw name="Input Text Dynamic Dropdown">
<kw name="Input Text" library="SeleniumLibrary">
<arg>${locator_DynamicDropdown}</arg>
<arg>Thai</arg>
<doc>Types the given ``text`` into the text field identified by ``locator``.</doc>
<msg timestamp="20230715 15:02:23.941" level="INFO">Typing text 'Thai' into text field 'id=autocomplete'.</msg>
<status status="PASS" starttime="20230715 15:02:23.938" endtime="20230715 15:02:25.776"/>
</kw>
<kw name="Wait Until Element Is Visible" library="SeleniumLibrary">
<arg>${locator_DynamicDropdown-list}</arg>
<doc>Waits until the element ``locator`` is visible.</doc>
<status status="PASS" starttime="20230715 15:02:25.776" endtime="20230715 15:02:26.836"/>
</kw>
<kw name="Click Element" library="SeleniumLibrary">
<arg>${locator_DynamicDropdown-list}</arg>
<doc>Click the element identified by ``locator``.</doc>
<msg timestamp="20230715 15:02:26.838" level="INFO">Clicking element 'xpath=//*[@id="ui-id-1"]/li'.</msg>
<status status="PASS" starttime="20230715 15:02:26.836" endtime="20230715 15:02:27.918"/>
</kw>
<status status="PASS" starttime="20230715 15:02:23.938" endtime="20230715 15:02:27.918"/>
</kw>
<kw name="Select Satatic Dropdown">
<kw name="Click Element" library="SeleniumLibrary">
<arg>${locator_StaticDropdown}</arg>
<doc>Click the element identified by ``locator``.</doc>
<msg timestamp="20230715 15:02:27.918" level="INFO">Clicking element 'id=dropdown-class-example'.</msg>
<status status="PASS" starttime="20230715 15:02:27.918" endtime="20230715 15:02:29.086"/>
</kw>
<kw name="Wait Until Element Is Visible" library="SeleniumLibrary">
<arg>${locator_StaticDropdown-list}</arg>
<doc>Waits until the element ``locator`` is visible.</doc>
<status status="PASS" starttime="20230715 15:02:29.086" endtime="20230715 15:02:30.136"/>
</kw>
<kw name="Click Element" library="SeleniumLibrary">
<arg>${locator_StaticDropdown-list}</arg>
<doc>Click the element identified by ``locator``.</doc>
<msg timestamp="20230715 15:02:30.136" level="INFO">Clicking element 'xpath=//*[@id="dropdown-class-example"]/option[4]'.</msg>
<status status="PASS" starttime="20230715 15:02:30.136" endtime="20230715 15:02:31.224"/>
</kw>
<status status="PASS" starttime="20230715 15:02:27.918" endtime="20230715 15:02:31.224"/>
</kw>
<kw name="CheckBox">
<kw name="Select Checkbox" library="SeleniumLibrary">
<arg>${locator_checkbox1}</arg>
<doc>Selects the checkbox identified by ``locator``.</doc>
<msg timestamp="20230715 15:02:31.224" level="INFO">Selecting checkbox 'name=checkBoxOption1'.</msg>
<status status="PASS" starttime="20230715 15:02:31.224" endtime="20230715 15:02:34.159"/>
</kw>
<kw name="Select Checkbox" library="SeleniumLibrary">
<arg>${locator_checkbox3}</arg>
<doc>Selects the checkbox identified by ``locator``.</doc>
<msg timestamp="20230715 15:02:34.160" level="INFO">Selecting checkbox 'name=checkBoxOption3'.</msg>
<status status="PASS" starttime="20230715 15:02:34.159" endtime="20230715 15:02:37.047"/>
</kw>
<status status="PASS" starttime="20230715 15:02:31.224" endtime="20230715 15:02:37.047"/>
</kw>
<kw name="Mouse Hover">
<kw name="Wait Until Page Contains" library="SeleniumLibrary">
<arg>Mouse Hover Example</arg>
<arg>5s</arg>
<doc>Waits until ``text`` appears on the current page.</doc>
<status status="PASS" starttime="20230715 15:02:37.048" endtime="20230715 15:02:37.578"/>
</kw>
<kw name="Mouse Over" library="SeleniumLibrary">
<arg>${locator_mousehover}</arg>
<doc>Simulates hovering the mouse over the element ``locator``.</doc>
<msg timestamp="20230715 15:02:37.581" level="INFO">Simulating Mouse Over on element 'id=mousehover'.</msg>
<status status="PASS" starttime="20230715 15:02:37.578" endtime="20230715 15:02:38.969"/>
</kw>
<status status="PASS" starttime="20230715 15:02:37.047" endtime="20230715 15:02:38.970"/>
</kw>
<doc>Test</doc>
<tag>Test</tag>
<status status="PASS" starttime="20230715 15:02:10.378" endtime="20230715 15:02:38.972"/>
</test>
<kw name="Close All Browsers" library="SeleniumLibrary" type="TEARDOWN">
<doc>Closes all open browsers and resets the browser cache.</doc>
<status status="PASS" starttime="20230715 15:02:38.978" endtime="20230715 15:02:41.742"/>
</kw>
<status status="PASS" starttime="20230715 15:02:09.634" endtime="20230715 15:02:41.742"/>
</suite>
<statistics>
<total>
<stat pass="1" fail="0" skip="0">All Tests</stat>
</total>
<tag>
<stat pass="1" fail="0" skip="0">Test</stat>
</tag>
<suite>
<stat pass="1" fail="0" skip="0" id="s1" name="Test Codenboxautomationlab">Test Codenboxautomationlab</stat>
</suite>
</statistics>
<errors>
</errors>
</robot>
