<?xml version="1.0" encoding="UTF-8"?>
<robot generator="Robot 6.0.2 (Python 3.11.3 on win32)" generated="20230714 18:05:40.722" rpa="false" schemaversion="3">
<suite id="s1" name="Test Codenboxautomationlab" source="C:\Automate\test_codenboxautomationlab\test_codenboxautomationlab.robot">
<kw name="Set Selenium Speed" library="SeleniumLibrary" type="SETUP">
<arg>0.5s</arg>
<doc>Sets the delay that is waited after each Selenium command.</doc>
<status status="PASS" starttime="20230714 18:05:41.074" endtime="20230714 18:05:41.074"/>
</kw>
<test id="s1-t1" name="TC-001" line="57">
<kw name="Open Website">
<kw name="Set Selenium Speed" library="SeleniumLibrary">
<arg>0.5s</arg>
<doc>Sets the delay that is waited after each Selenium command.</doc>
<status status="PASS" starttime="20230714 18:05:41.074" endtime="20230714 18:05:41.074"/>
</kw>
<kw name="Open Browser" library="SeleniumLibrary">
<arg>${url}</arg>
<arg>${browser}</arg>
<doc>Opens a new browser instance to the optional ``url``.</doc>
<msg timestamp="20230714 18:05:41.074" level="INFO">Opening browser 'chrome' to base url 'https://codenboxautomationlab.com/practice/'.</msg>
<status status="PASS" starttime="20230714 18:05:41.074" endtime="20230714 18:05:48.761"/>
</kw>
<kw name="Wait Until Page Contains" library="SeleniumLibrary">
<arg>Automation Practice</arg>
<arg>5s</arg>
<doc>Waits until ``text`` appears on the current page.</doc>
<status status="PASS" starttime="20230714 18:05:48.761" endtime="20230714 18:05:49.284"/>
</kw>
<kw name="Maximize Browser Window" library="SeleniumLibrary">
<doc>Maximizes current browser window.</doc>
<status status="PASS" starttime="20230714 18:05:49.284" endtime="20230714 18:05:49.956"/>
</kw>
<status status="PASS" starttime="20230714 18:05:41.074" endtime="20230714 18:05:49.956"/>
</kw>
<kw name="Select Radio Button">
<kw name="Wait Until Page Contains" library="SeleniumLibrary">
<arg>Radio Button Example</arg>
<arg>5s</arg>
<doc>Waits until ``text`` appears on the current page.</doc>
<status status="PASS" starttime="20230714 18:05:49.956" endtime="20230714 18:05:50.498"/>
</kw>
<kw name="Click Element" library="SeleniumLibrary">
<arg>${locator_radiobutton2}</arg>
<doc>Click the element identified by ``locator``.</doc>
<msg timestamp="20230714 18:05:50.498" level="INFO">Clicking element 'xpath=//*[@id="radio-btn-example"]/fieldset/label[2]/input'.</msg>
<status status="PASS" starttime="20230714 18:05:50.498" endtime="20230714 18:05:51.582"/>
</kw>
<status status="PASS" starttime="20230714 18:05:49.956" endtime="20230714 18:05:51.582"/>
</kw>
<kw name="Input Text Dynamic Dropdown">
<kw name="Input Text" library="SeleniumLibrary">
<arg>${locator_DynamicDropdown}</arg>
<arg>Thai</arg>
<doc>Types the given ``text`` into the text field identified by ``locator``.</doc>
<msg timestamp="20230714 18:05:51.582" level="INFO">Typing text 'Thai' into text field 'id=autocomplete'.</msg>
<status status="PASS" starttime="20230714 18:05:51.582" endtime="20230714 18:05:53.207"/>
</kw>
<kw name="Wait Until Element Is Visible" library="SeleniumLibrary">
<arg>${locator_DynamicDropdown-list}</arg>
<doc>Waits until the element ``locator`` is visible.</doc>
<status status="PASS" starttime="20230714 18:05:53.207" endtime="20230714 18:05:54.289"/>
</kw>
<kw name="Click Element" library="SeleniumLibrary">
<arg>${locator_DynamicDropdown-list}</arg>
<doc>Click the element identified by ``locator``.</doc>
<msg timestamp="20230714 18:05:54.289" level="INFO">Clicking element 'xpath=//*[@id="ui-id-1"]/li'.</msg>
<status status="PASS" starttime="20230714 18:05:54.289" endtime="20230714 18:05:55.350"/>
</kw>
<status status="PASS" starttime="20230714 18:05:51.582" endtime="20230714 18:05:55.350"/>
</kw>
<kw name="Select Satatic Dropdown">
<kw name="Click Element" library="SeleniumLibrary">
<arg>${locator_StaticDropdown}</arg>
<doc>Click the element identified by ``locator``.</doc>
<msg timestamp="20230714 18:05:55.351" level="INFO">Clicking element 'id=dropdown-class-example'.</msg>
<status status="PASS" starttime="20230714 18:05:55.351" endtime="20230714 18:05:56.427"/>
</kw>
<kw name="Wait Until Element Is Visible" library="SeleniumLibrary">
<arg>${locator_StaticDropdown-list}</arg>
<doc>Waits until the element ``locator`` is visible.</doc>
<status status="PASS" starttime="20230714 18:05:56.427" endtime="20230714 18:05:57.456"/>
</kw>
<kw name="Click Element" library="SeleniumLibrary">
<arg>${locator_StaticDropdown-list}</arg>
<doc>Click the element identified by ``locator``.</doc>
<msg timestamp="20230714 18:05:57.456" level="INFO">Clicking element 'xpath=//*[@id="dropdown-class-example"]/option[4]'.</msg>
<status status="PASS" starttime="20230714 18:05:57.456" endtime="20230714 18:05:58.574"/>
</kw>
<status status="PASS" starttime="20230714 18:05:55.350" endtime="20230714 18:05:58.574"/>
</kw>
<kw name="CheckBox">
<kw name="Select Checkbox" library="SeleniumLibrary">
<arg>${locator_checkbox1}</arg>
<doc>Selects the checkbox identified by ``locator``.</doc>
<msg timestamp="20230714 18:05:58.574" level="INFO">Selecting checkbox 'name=checkBoxOption1'.</msg>
<status status="PASS" starttime="20230714 18:05:58.574" endtime="20230714 18:06:01.205"/>
</kw>
<kw name="Select Checkbox" library="SeleniumLibrary">
<arg>${locator_checkbox3}</arg>
<doc>Selects the checkbox identified by ``locator``.</doc>
<msg timestamp="20230714 18:06:01.205" level="INFO">Selecting checkbox 'name=checkBoxOption3'.</msg>
<status status="PASS" starttime="20230714 18:06:01.205" endtime="20230714 18:06:03.865"/>
</kw>
<status status="PASS" starttime="20230714 18:05:58.574" endtime="20230714 18:06:03.865"/>
</kw>
<kw name="Mouse Hover">
<kw name="Wait Until Page Contains" library="SeleniumLibrary">
<arg>Mouse Hover Example</arg>
<arg>5s</arg>
<doc>Waits until ``text`` appears on the current page.</doc>
<status status="PASS" starttime="20230714 18:06:03.865" endtime="20230714 18:06:04.382"/>
</kw>
<kw name="Mouse Over" library="SeleniumLibrary">
<arg>${locator_mousehover}</arg>
<doc>Simulates hovering the mouse over the element ``locator``.</doc>
<msg timestamp="20230714 18:06:04.382" level="INFO">Simulating Mouse Over on element 'id=mousehover'.</msg>
<status status="PASS" starttime="20230714 18:06:04.382" endtime="20230714 18:06:05.690"/>
</kw>
<status status="PASS" starttime="20230714 18:06:03.865" endtime="20230714 18:06:05.690"/>
</kw>
<doc>Test</doc>
<tag>Test</tag>
<status status="PASS" starttime="20230714 18:05:41.074" endtime="20230714 18:06:05.690"/>
</test>
<kw name="Close All Browsers" library="SeleniumLibrary" type="TEARDOWN">
<doc>Closes all open browsers and resets the browser cache.</doc>
<status status="PASS" starttime="20230714 18:06:05.692" endtime="20230714 18:06:08.270"/>
</kw>
<status status="PASS" starttime="20230714 18:05:40.723" endtime="20230714 18:06:08.270"/>
</suite>
<statistics>
<total>
<stat pass="1" fail="0" skip="0">All Tests</stat>
</total>
<tag>
<stat pass="1" fail="0" skip="0">Test</stat>
</tag>
<suite>
<stat pass="1" fail="0" skip="0" id="s1" name="Test Codenboxautomationlab">Test Codenboxautomationlab</stat>
</suite>
</statistics>
<errors>
</errors>
</robot>
